<?xml version="1.0" encoding="UTF-8"?>
<!-- Generated by org.testng.reporters.JUnitXMLReporter -->
<testsuite hostname="LAPTOP-I1QLEPR5" ignored="0" name="Default test" tests="3" failures="0" timestamp="05 Nov 2018 18:34:49 GMT" time="113.189" errors="0">
  <testcase name="verifyLogin" time="32.169" classname="testCases.VerifyLogin"/>
  <testcase name="verifyLogin" time="43.124" classname="testCases.VerifyLogin"/>
  <testcase name="verifyLogin" time="30.787" classname="testCases.VerifyLogin"/>
</testsuite> <!-- Default test -->
