<?xml version="1.0" encoding="UTF-8"?>
<testsuite name="TestSuite" time="13.227" tests="8" errors="0" skipped="7" failures="1">
  <properties>
[...]
</properties>
  <testcase name="initialise" classname="testCases.VerifyLogin" time="13.227">
    <failure message="chrome not reachable&#10;  (Session info: chrome=70.0.3538.77)&#10;  (Driver info: chromedriver=2.36.540470 (e522d04694c7ebea4ba8821272dbef4f9b818c91),platform=Windows NT 10.0.17134 x86_64) (WARNING: The server did not provide any stacktrace information)&#10;Command duration or timeout: 0 milliseconds&#10;Build info: version: &apos;3.9.1&apos;, revision: &apos;63f7b50&apos;, time: &apos;2018-02-07T22:25:02.294Z&apos;&#10;System info: host: &apos;LAPTOP-I1QLEPR5&apos;, ip: &apos;192.168.0.13&apos;, os.name: &apos;Windows 10&apos;, os.arch: &apos;amd64&apos;, os.version: &apos;10.0&apos;, java.version: &apos;1.8.0_151&apos;&#10;Driver info: org.openqa.selenium.chrome.ChromeDriver&#10;Capabilities {acceptInsecureCerts: false, acceptSslCerts: false, applicationCacheEnabled: false, browserConnectionEnabled: false, browserName: chrome, chrome: {chromedriverVersion: 2.36.540470 (e522d04694c7eb..., userDataDir: C:\Users\Raghav\AppData\Loc...}, cssSelectorsEnabled: true, databaseEnabled: false, handlesAlerts: true, hasTouchScreen: false, javascriptEnabled: true, locationContextEnabled: true, mobileEmulationEnabled: false, nativeEvents: true, networkConnectionEnabled: false, pageLoadStrategy: normal, platform: XP, platformName: XP, rotatable: false, setWindowRect: true, takesHeapSnapshot: true, takesScreenshot: true, unexpectedAlertBehaviour: , unhandledPromptBehavior: , version: 70.0.3538.77, webStorageEnabled: true}&#10;Session ID: fae0e63f513467820e545490b06cc843" type="org.openqa.selenium.WebDriverException"><![CDATA[org.openqa.selenium.WebDriverException: chrome not reachable
  (Session info: chrome=70.0.3538.77)
  (Driver info: chromedriver=2.36.540470 (e522d04694c7ebea4ba8821272dbef4f9b818c91),platform=Windows NT 10.0.17134 x86_64) (WARNING: The server did not provide any stacktrace information)
Command duration or timeout: 0 milliseconds
Build info: version: '3.9.1', revision: '63f7b50', time: '2018-02-07T22:25:02.294Z'
System info: host: 'LAPTOP-I1QLEPR5', ip: '192.168.0.13', os.name: 'Windows 10', os.arch: 'amd64', os.version: '10.0', java.version: '1.8.0_151'
Driver info: org.openqa.selenium.chrome.ChromeDriver
Capabilities {acceptInsecureCerts: false, acceptSslCerts: false, applicationCacheEnabled: false, browserConnectionEnabled: false, browserName: chrome, chrome: {chromedriverVersion: 2.36.540470 (e522d04694c7eb..., userDataDir: C:\Users\Raghav\AppData\Loc...}, cssSelectorsEnabled: true, databaseEnabled: false, handlesAlerts: true, hasTouchScreen: false, javascriptEnabled: true, locationContextEnabled: true, mobileEmulationEnabled: false, nativeEvents: true, networkConnectionEnabled: false, pageLoadStrategy: normal, platform: XP, platformName: XP, rotatable: false, setWindowRect: true, takesHeapSnapshot: true, takesScreenshot: true, unexpectedAlertBehaviour: , unhandledPromptBehavior: , version: 70.0.3538.77, webStorageEnabled: true}
Session ID: fae0e63f513467820e545490b06cc843
	at sun.reflect.NativeConstructorAccessorImpl.newInstance0(Native Method)
	at sun.reflect.NativeConstructorAccessorImpl.newInstance(NativeConstructorAccessorImpl.java:62)
	at sun.reflect.DelegatingConstructorAccessorImpl.newInstance(DelegatingConstructorAccessorImpl.java:45)
	at java.lang.reflect.Constructor.newInstance(Constructor.java:423)
	at org.openqa.selenium.remote.ErrorHandler.createThrowable(ErrorHandler.java:214)
	at org.openqa.selenium.remote.ErrorHandler.throwIfResponseFailed(ErrorHandler.java:166)
	at org.openqa.selenium.remote.http.JsonHttpResponseCodec.reconstructValue(JsonHttpResponseCodec.java:40)
	at org.openqa.selenium.remote.http.AbstractHttpResponseCodec.decode(AbstractHttpResponseCodec.java:80)
	at org.openqa.selenium.remote.http.AbstractHttpResponseCodec.decode(AbstractHttpResponseCodec.java:44)
	at org.openqa.selenium.remote.HttpCommandExecutor.execute(HttpCommandExecutor.java:160)
	at org.openqa.selenium.remote.service.DriverCommandExecutor.execute(DriverCommandExecutor.java:83)
	at org.openqa.selenium.remote.RemoteWebDriver.execute(RemoteWebDriver.java:601)
	at org.openqa.selenium.remote.RemoteWebDriver.execute(RemoteWebDriver.java:658)
	at org.openqa.selenium.remote.RemoteWebDriver.getTitle(RemoteWebDriver.java:329)
	at pages.LoginPage.<init>(LoginPage.java:22)
	at testCases.VerifyLogin.initialise(VerifyLogin.java:22)
]]></failure>
    <system-out><![CDATA[[DEBUG] 2018-11-06 00:26:59.432 [main] VerifyLogin - Opening Browser : chrome
[DEBUG] 2018-11-06 00:27:00.565 [main] VerifyLogin - Maximizing Browser
[DEBUG] 2018-11-06 00:27:00.571 [main] VerifyLogin - Applying Implicit Wait..
[INFO ] 2018-11-06 00:27:00.571 [main] VerifyLogin - Browser settings completed
[INFO ] 2018-11-06 00:27:03.477 [main] VerifyLogin - Navigating to URL : https://my.bonify.de
[INFO ] 2018-11-06 00:27:03.477 [main] VerifyLogin - Test Started*************************Test
]]></system-out>
    <system-err><![CDATA[Starting ChromeDriver 2.36.540470 (e522d04694c7ebea4ba8821272dbef4f9b818c91) on port 22814
Only local connections are allowed.
Nov 06, 2018 12:26:59 AM org.openqa.selenium.remote.ProtocolHandshake createSession
INFO: Detected dialect: OSS
[1541444223.474][SEVERE]: Unable to receive message from renderer
]]></system-err>
  </testcase>
  <testcase name="verifyLinks" classname="testCases.VerifyLogin" time="0">
    <skipped/>
  </testcase>
  <testcase name="verifyLoginPage" classname="testCases.VerifyLogin" time="0">
    <skipped/>
  </testcase>
  <testcase name="verifyLogin" classname="testCases.VerifyLogin" time="0">
    <skipped/>
  </testcase>
  <testcase name="verifyLogin" classname="testCases.VerifyLogin" time="0">
    <skipped/>
  </testcase>
  <testcase name="verifyLogin" classname="testCases.VerifyLogin" time="0">
    <skipped/>
  </testcase>
  <testcase name="clear" classname="testCases.VerifyLogin" time="0">
    <skipped/>
  </testcase>
  <testcase name="tearDown" classname="testCases.VerifyLogin" time="0">
    <skipped/>
    <system-out><![CDATA[[INFO ] 2018-11-06 00:27:07.695 [main] VerifyLogin - Test Finished*************** Test
]]></system-out>
  </testcase>
</testsuite>