<?xml version="1.0" encoding="UTF-8"?>
<testng-results skipped="0" failed="0" ignored="0" total="5" passed="5">
  <reporter-output>
  </reporter-output>
  <suite name="Suite" duration-ms="65599" started-at="2018-11-05T18:53:01Z" finished-at="2018-11-05T18:54:06Z">
    <groups>
    </groups>
    <test name="Test" duration-ms="65599" started-at="2018-11-05T18:53:01Z" finished-at="2018-11-05T18:54:06Z">
      <class name="testCases.VerifyLogin">
        <test-method status="PASS" signature="init()[pri:0, instance:testCases.VerifyLogin@27ce24aa]" name="init" is-config="true" duration-ms="11094" started-at="2018-11-06T00:22:50Z" finished-at="2018-11-06T00:23:01Z">
          <reporter-output>
          </reporter-output>
        </test-method> <!-- init -->
        <test-method status="PASS" signature="initialise()[pri:0, instance:testCases.VerifyLogin@27ce24aa]" name="initialise" is-config="true" duration-ms="42" started-at="2018-11-06T00:23:01Z" finished-at="2018-11-06T00:23:01Z">
          <reporter-output>
          </reporter-output>
        </test-method> <!-- initialise -->
        <test-method status="PASS" signature="verifyLinks()[pri:0, instance:testCases.VerifyLogin@27ce24aa]" name="verifyLinks" duration-ms="977" started-at="2018-11-06T00:23:01Z" finished-at="2018-11-06T00:23:02Z">
          <reporter-output>
          </reporter-output>
        </test-method> <!-- verifyLinks -->
        <test-method status="PASS" signature="verifyLoginPage()[pri:0, instance:testCases.VerifyLogin@27ce24aa]" name="verifyLoginPage" duration-ms="262" started-at="2018-11-06T00:23:02Z" finished-at="2018-11-06T00:23:02Z">
          <reporter-output>
          </reporter-output>
        </test-method> <!-- verifyLoginPage -->
        <test-method status="PASS" signature="verifyLogin(java.util.Hashtable)[pri:1, instance:testCases.VerifyLogin@27ce24aa]" name="verifyLogin" duration-ms="2288" started-at="2018-11-06T00:23:02Z" data-provider="dp" finished-at="2018-11-06T00:23:04Z">
          <params>
            <param index="0">
              <value>
                <![CDATA[{password=Passw0rd!, email=arora_raghav@live.com, expectedVal=Hey Raghav, schön Dich zu sehen!}]]>
              </value>
            </param>
          </params>
          <reporter-output>
          </reporter-output>
        </test-method> <!-- verifyLogin -->
        <test-method status="PASS" signature="verifyLogin(java.util.Hashtable)[pri:1, instance:testCases.VerifyLogin@27ce24aa]" name="verifyLogin" duration-ms="31283" started-at="2018-11-06T00:23:04Z" data-provider="dp" finished-at="2018-11-06T00:23:36Z">
          <params>
            <param index="0">
              <value>
                <![CDATA[{password=Passw0rd2, email=arora_raghav@live.com, expectedVal=Leider passen Benutzername und Passwort nicht zusammen.}]]>
              </value>
            </param>
          </params>
          <reporter-output>
          </reporter-output>
        </test-method> <!-- verifyLogin -->
        <test-method status="PASS" signature="verifyLogin(java.util.Hashtable)[pri:1, instance:testCases.VerifyLogin@27ce24aa]" name="verifyLogin" duration-ms="30647" started-at="2018-11-06T00:23:36Z" data-provider="dp" finished-at="2018-11-06T00:24:06Z">
          <params>
            <param index="0">
              <value>
                <![CDATA[{password=Passw0rd!, email=arora_raghav@gmail.com, expectedVal=Leider passen Benutzername und Passwort nicht zusammen.}]]>
              </value>
            </param>
          </params>
          <reporter-output>
          </reporter-output>
        </test-method> <!-- verifyLogin -->
        <test-method status="PASS" signature="clear()[pri:0, instance:testCases.VerifyLogin@27ce24aa]" name="clear" is-config="true" duration-ms="0" started-at="2018-11-06T00:24:06Z" finished-at="2018-11-06T00:24:06Z">
          <reporter-output>
          </reporter-output>
        </test-method> <!-- clear -->
        <test-method status="PASS" signature="tearDown()[pri:0, instance:testCases.VerifyLogin@27ce24aa]" name="tearDown" is-config="true" duration-ms="776" started-at="2018-11-06T00:24:06Z" finished-at="2018-11-06T00:24:07Z">
          <reporter-output>
          </reporter-output>
        </test-method> <!-- tearDown -->
      </class> <!-- testCases.VerifyLogin -->
    </test> <!-- Test -->
  </suite> <!-- Suite -->
</testng-results>
